C51 COMPILER V9.54   LED1                                                                  11/03/2020 19:29:14 PAGE 1   


C51 COMPILER V9.54, COMPILATION OF MODULE LED1
OBJECT MODULE PLACED IN .\Objects\led1.obj
COMPILER INVOKED BY: C:\Keil_v5\C51\BIN\C51.EXE keil\led1.c OPTIMIZE(8,SPEED) BROWSE DEBUG OBJECTEXTEND PRINT(.\Listings
                    -\led1.lst) TABS(2) OBJECT(.\Objects\led1.obj)

line level    source

   1          #include"reg51.h"
   2          
   3          sbit led0=P2^0;
   4          sbit led8=P1^0;
   5          
   6          
   7          
   8          //延时函数
   9          void delay(unsigned int n)
  10          {
  11   1          unsigned int i=0,j=0;
  12   1          for(i=0;i<n;i++){
  13   2              for(j=0;j<10000;j++);
  14   2          }
  15   1      }
  16          
  17          //寻址流水灯
  18          void led(){
  19   1        int i=0;
  20   1        for(i;i<8;i++){
  21   2          P2=~(0x01<<i);
  22   2          P1=0x01<<i;
  23   2          delay(20);
  24   2        }
  25   1      }
  26          
  27          
  28          void main(){
  29   1        while(1){
  30   2          led();
  31   2      
  32   2        }
  33   1      }


MODULE INFORMATION:   STATIC OVERLAYABLE
   CODE SIZE        =     76    ----
   CONSTANT SIZE    =   ----    ----
   XDATA SIZE       =   ----    ----
   PDATA SIZE       =   ----    ----
   DATA SIZE        =   ----    ----
   IDATA SIZE       =   ----    ----
   BIT SIZE         =   ----    ----
END OF MODULE INFORMATION.


C51 COMPILATION COMPLETE.  0 WARNING(S),  0 ERROR(S)
