C51 COMPILER V9.54   FIRST                                                                 11/06/2020 14:03:27 PAGE 1   


C51 COMPILER V9.54, COMPILATION OF MODULE FIRST
OBJECT MODULE PLACED IN .\Objects\first.obj
COMPILER INVOKED BY: C:\Keil_v5\C51\BIN\C51.EXE first.c OPTIMIZE(8,SPEED) BROWSE DEBUG OBJECTEXTEND PRINT(.\Listings\fir
                    -st.lst) TABS(2) OBJECT(.\Objects\first.obj)

line level    source

   1          #include"reg51.h"
   2          
   3          unsigned int s[]={0x3F,0x06,0x5B,0x4F,0x66,0x6D,0x7D,0x07,0x7F,0x6F};
   4          
   5          
   6          
   7          void segLightUp();
   8          void delay(unsigned int n);
   9          
  10          
  11          
  12          void main(){
  13   1        while(1){
  14   2          segLightUp(); 
  15   2        }
  16   1      }
  17          
  18          //数码管显示数字
  19          void segLightUp()
  20          {
  21   1        unsigned int i=0;
  22   1        for(i=0;i<10;i++){
  23   2          P2=s[i];
  24   2          delay(10);
  25   2        }
  26   1      }
  27          
  28          
  29          //延时函数
  30          void delay(unsigned int n)
  31          {
  32   1          unsigned int i=0,j=0;
  33   1          for(i=0;i<n;i++){
  34   2              for(j=0;j<10000;j++);
  35   2          }
  36   1      }


MODULE INFORMATION:   STATIC OVERLAYABLE
   CODE SIZE        =     82    ----
   CONSTANT SIZE    =   ----    ----
   XDATA SIZE       =   ----    ----
   PDATA SIZE       =   ----    ----
   DATA SIZE        =     20       2
   IDATA SIZE       =   ----    ----
   BIT SIZE         =   ----    ----
END OF MODULE INFORMATION.


C51 COMPILATION COMPLETE.  0 WARNING(S),  0 ERROR(S)
