C51 COMPILER V9.54   KEYBOARD                                                              11/06/2020 15:33:27 PAGE 1   


C51 COMPILER V9.54, COMPILATION OF MODULE KEYBOARD
OBJECT MODULE PLACED IN .\Objects\Keyboard.obj
COMPILER INVOKED BY: C:\Keil_v5\C51\BIN\C51.EXE Keyboard.c OPTIMIZE(8,SPEED) BROWSE DEBUG OBJECTEXTEND PRINT(.\Listings\
                    -Keyboard.lst) TABS(2) OBJECT(.\Objects\Keyboard.obj)

line level    source

   1          #include"reg51.h"
   2          
   3          sbit key0=P1^0;
   4          unsigned int s[]={0x3F,0x06,0x5B,0x4F,0x66,0x6D,0x7D,0x07,0x7F,0x6F};
   5          unsigned int num=0,flag=0;
   6          
   7          void key();
   8          void seg();
   9          // void delay(unsigned int n);
  10          
  11          
  12          
  13          void main(){
  14   1        while(1){
  15   2          key();
  16   2          seg();    
  17   2        }
  18   1      }
  19          
  20          //键盘控制数码管
  21          void key()
  22          {
  23   1        if(key0==0&&flag==0){
  24   2          flag=1;
  25   2        }
  26   1        if(key0==1&&flag==1){
  27   2          num++;
  28   2          flag=0;
  29   2        }
  30   1      }
  31          
  32          //数码管显示
  33          void seg(){
  34   1        P2=s[num];
  35   1        if(num==10){
  36   2          num=0;
  37   2        }
  38   1      }
  39          
  40          //延时函数
  41          // void delay(unsigned int n)
  42          // {
  43              // unsigned int i=0,j=0;
  44              // for(i=0;i<n;i++){
  45                  // for(j=0;j<100;j++);
  46              // }
  47          // }


MODULE INFORMATION:   STATIC OVERLAYABLE
   CODE SIZE        =     71    ----
   CONSTANT SIZE    =   ----    ----
   XDATA SIZE       =   ----    ----
   PDATA SIZE       =   ----    ----
C51 COMPILER V9.54   KEYBOARD                                                              11/06/2020 15:33:27 PAGE 2   

   DATA SIZE        =     24    ----
   IDATA SIZE       =   ----    ----
   BIT SIZE         =   ----    ----
END OF MODULE INFORMATION.


C51 COMPILATION COMPLETE.  0 WARNING(S),  0 ERROR(S)
