C51 COMPILER V9.54   SECOND                                                                11/06/2020 14:17:00 PAGE 1   


C51 COMPILER V9.54, COMPILATION OF MODULE SECOND
OBJECT MODULE PLACED IN .\Objects\second.obj
COMPILER INVOKED BY: C:\Keil_v5\C51\BIN\C51.EXE second.c OPTIMIZE(8,SPEED) BROWSE DEBUG OBJECTEXTEND PRINT(.\Listings\se
                    -cond.lst) TABS(2) OBJECT(.\Objects\second.obj)

line level    source

   1          #include"reg51.h"
   2          
   3          unsigned int s[]={0x3F,0x06,0x5B,0x4F,0x66,0x6D,0x7D,0x07,0x7F,0x6F};
   4          unsigned int str[]={0x76,0x79,0x38,0x38,0x3F};
   5          unsigned int Bit[]={0x01,0x02,0x04,0x08,0x10,0x20,0x40,0x80};
   6          
   7          
   8          void segLightUp();
   9          void delay(unsigned int n);
  10          
  11          
  12          
  13          void main(){
  14   1        while(1){
  15   2          segLightUp(); 
  16   2        }
  17   1      }
  18          
  19          //数码管显示数字
  20          void segLightUp()
  21          {
  22   1        unsigned int i=0;
  23   1        for(i=0;i<5;i++){
  24   2          P2=str[i];
  25   2          P3=~Bit[i];
  26   2          delay(10);
  27   2        }
  28   1      }
  29          
  30          
  31          //延时函数
  32          void delay(unsigned int n)
  33          {
  34   1          unsigned int i=0,j=0;
  35   1          for(i=0;i<n;i++){
  36   2              for(j=0;j<10000;j++);
  37   2          }
  38   1      }


MODULE INFORMATION:   STATIC OVERLAYABLE
   CODE SIZE        =     94    ----
   CONSTANT SIZE    =   ----    ----
   XDATA SIZE       =   ----    ----
   PDATA SIZE       =   ----    ----
   DATA SIZE        =     46       2
   IDATA SIZE       =   ----    ----
   BIT SIZE         =   ----    ----
END OF MODULE INFORMATION.


C51 COMPILATION COMPLETE.  0 WARNING(S),  0 ERROR(S)
